Starting program: /home/shay/a/hsarvabh/264/hw03/prime_factor 

Program received signal SIGINT, Interrupt.
0x00007ffff7afcba0 in __write_nocancel () from /lib64/libc.so.6
Quit
Quit
Quit
Quit
Quit
Quit
Quit
Quit
Quit
Quit
Quit
Quit
Quit
Quit
#0  0x00007ffff7afcba0 in __write_nocancel () from /lib64/libc.so.6
#1  0x00007ffff7a872f3 in _IO_file_write@@GLIBC_2.2.5 () from /lib64/libc.so.6
#2  0x00007ffff7a88b0e in __GI__IO_do_write () from /lib64/libc.so.6
#3  0x00007ffff7a87a50 in __GI__IO_file_xsputn () from /lib64/libc.so.6
#4  0x00007ffff7a57ec5 in vfprintf () from /lib64/libc.so.6
#5  0x00007ffff7a604e9 in printf () from /lib64/libc.so.6
#6  0x0000000000400637 in print_prime_factors (n=0) at prime_factor.c:29
#7  0x00000000004006d6 in main (argc=1, argv=0x7fffffffdd78)
    at test_prime_factor.c:7
#7  0x00000000004006d6 in main (argc=1, argv=0x7fffffffdd78)
    at test_prime_factor.c:7
7		print_prime_factors(6);
Single stepping until exit from function __write_nocancel,
which has no line number information.
0x00007ffff7a872f3 in _IO_file_write@@GLIBC_2.2.5 () from /lib64/libc.so.6
Single stepping until exit from function _IO_file_write@@GLIBC_2.2.5,
which has no line number information.
0x00007ffff7a88b0e in __GI__IO_do_write () from /lib64/libc.so.6
No frame at level 6.
No frame at level 6.
Undefined command: "exitxit".  Try "help".
List of classes of commands:

aliases -- Aliases of other commands.
breakpoints -- Making program stop at certain points.
data -- Examining data.
files -- Specifying and examining files.
internals -- Maintenance commands.
obscure -- Obscure features.
running -- Running the program.
stack -- Examining the stack.
status -- Status inquiries.
support -- Support facilities.
tracepoints -- Tracing of program execution without stopping the program.
user-defined -- User-defined commands.

Type "help" followed by a class name for a list of commands in that class.
Type "help all" for the list of all commands.
Type "help" followed by command name for full documentation.
Type "apropos word" to search for commands related to "word".
Type "apropos -v word" for full documentation of commands related to "word".
Command name abbreviations are allowed if unambiguous.
Undefined command: "backtraace".  Try "help".
#0  0x00007ffff7a88b0e in __GI__IO_do_write () from /lib64/libc.so.6
#1  0x00007ffff7a87a50 in __GI__IO_file_xsputn () from /lib64/libc.so.6
#2  0x00007ffff7a57ec5 in vfprintf () from /lib64/libc.so.6
#3  0x00007ffff7a604e9 in printf () from /lib64/libc.so.6
#4  0x0000000000400637 in print_prime_factors (n=0) at prime_factor.c:29
#5  0x00000000004006d6 in main (argc=1, argv=0x7fffffffdd78)
    at test_prime_factor.c:7
#4  0x0000000000400637 in print_prime_factors (n=0) at prime_factor.c:29
29	                printf(" %d", 2);
$1 = 0
n = 0
Single stepping until exit from function __GI__IO_do_write,
which has no line number information.
0x00007ffff7a87a50 in __GI__IO_file_xsputn () from /lib64/libc.so.6
Single stepping until exit from function __GI__IO_file_xsputn,
which has no line number information.
0x00007ffff7a57ec5 in vfprintf () from /lib64/libc.so.6
Single stepping until exit from function vfprintf,
which has no line number information.
0x00007ffff7a604e9 in printf () from /lib64/libc.so.6
Single stepping until exit from function printf,
which has no line number information.
print_prime_factors (n=0) at prime_factor.c:30
30	                n %= 2;  // Divide n by 2 (integer division)
28	            while(n % 2 == 0) {
29	                printf(" %d", 2);
30	                n %= 2;  // Divide n by 2 (integer division)
28	            while(n % 2 == 0) {
29	                printf(" %d", 2);
30	                n %= 2;  // Divide n by 2 (integer division)
28	            while(n % 2 == 0) {
No locals.
$2 = 0
Breakpoint 1 at 0x4006cc: file test_prime_factor.c, line 7.
Starting program: /home/shay/a/hsarvabh/264/hw03/prime_factor 

Breakpoint 1, main (argc=1, argv=0x7fffffffdd78) at test_prime_factor.c:7
7		print_prime_factors(6);
print_prime_factors (n=6) at prime_factor.c:17
17	    if(n <= 0) {
21	        printf("Prime factors of %d:", n);
23	        if(n == 1) {
28	            while(n % 2 == 0) {
23	        if(n == 1) {
24	            printf(" (none)");
25	        }
26	        else {
27	            // Print all occurrences of 2 in the prime factorization
28	            while(n % 2 == 0) {
29	                printf(" %d", 2);
30	                n %= 2;  // Divide n by 2 (integer division)
31	            }
32	
Breakpoint 2 at 0x400648: file prime_factor.c, line 28.
Starting program: /home/shay/a/hsarvabh/264/hw03/prime_factor 

Breakpoint 1, main (argc=1, argv=0x7fffffffdd78) at test_prime_factor.c:7
7		print_prime_factors(6);
Program not restarted.
Second argument (specified ignore-count) is missing.
Will ignore next crossing of breakpoint 1.
Starting program: /home/shay/a/hsarvabh/264/hw03/prime_factor 

Breakpoint 2, print_prime_factors (n=6) at prime_factor.c:28
28	            while(n % 2 == 0) {
$3 = 6
29	                printf(" %d", 2);
30	                n %= 2;  // Divide n by 2 (integer division)
$4 = 6

Breakpoint 2, print_prime_factors (n=0) at prime_factor.c:28
28	            while(n % 2 == 0) {
$5 = 0
